<?xml version="1.0" encoding="UTF-8"?>
<!-- Generated by org.testng.reporters.JUnitReportReporter -->
<testsuite hostname="Zaid" failures="0" tests="4" name="Database1_SQL_Test" time="0.059" errors="0" timestamp="2023-11-13T06:48:20 EET" skipped="0">
  <testcase classname="Database1_SQL_Test" name="AddNewData" time="0.021"/>
  <system-out/>
  <testcase classname="Database1_SQL_Test" name="UpdateData" time="0.002"/>
  <system-out/>
  <testcase classname="Database1_SQL_Test" name="SelectOneCustomer" time="0.032"/>
  <system-out/>
  <testcase classname="Database1_SQL_Test" name="DleteDate" time="0.004"/>
  <system-out/>
</testsuite> <!-- Database1_SQL_Test -->
