<?xml version="1.0" encoding="UTF-8"?>
<!-- Generated by org.testng.reporters.JUnitReportReporter -->
<testsuite hostname="Zaid" failures="0" tests="3" name="CrudMethodTsting.BasicsCrudMethods" time="0.060" errors="0" timestamp="2023-11-13T07:59:12 EET" skipped="0">
  <testcase classname="CrudMethodTsting.BasicsCrudMethods" name="AddNewData" time="0.020"/>
  <system-out/>
  <testcase classname="CrudMethodTsting.BasicsCrudMethods" name="UpdateData" time="0.003"/>
  <system-out/>
  <testcase classname="CrudMethodTsting.BasicsCrudMethods" name="SelectOneCustomer" time="0.037"/>
  <system-out/>
</testsuite> <!-- CrudMethodTsting.BasicsCrudMethods -->
